============================= test session starts =============================
platform win32 -- Python 3.14.3, pytest-9.0.2, pluggy-1.6.0 -- C:\Users\yadid\OneDrive\Desktop\EBRS_project\engineering_book_recommendation_system\venv\Scripts\python.exe
cachedir: .pytest_cache
rootdir: C:\Users\yadid\OneDrive\Desktop\EBRS_project\engineering_book_recommendation_system
plugins: anyio-4.13.0, cov-5.0.0
collecting ... collected 119 items

tests/test_evaluate.py::TestComputeMetrics::test_coverage_100_percent_when_all_have_recs PASSED [  0%]
tests/test_evaluate.py::TestComputeMetrics::test_coverage_0_when_no_recs PASSED [  1%]
tests/test_evaluate.py::TestComputeMetrics::test_avg_similarity_matches_input PASSED [  2%]
tests/test_evaluate.py::TestComputeMetrics::test_category_precision_100_when_all_same_category PASSED [  3%]
tests/test_evaluate.py::TestComputeMetrics::test_empty_recs_returns_zero_metrics PASSED [  4%]
tests/test_evaluate.py::TestComputeMetrics::test_all_metrics_present PASSED [  5%]
tests/test_evaluate.py::TestLoadOutputs::test_loads_real_outputs PASSED  [  5%]
tests/test_evaluate.py::TestLoadOutputs::test_raises_when_files_missing PASSED [  6%]
tests/test_evaluate.py::TestPlotFunctions::test_plot_category_breakdown PASSED [  7%]
tests/test_evaluate.py::TestPlotFunctions::test_plot_rating_distribution PASSED [  8%]
tests/test_evaluate.py::TestPlotFunctions::test_plot_score_distribution PASSED [  9%]
tests/test_evaluate.py::TestPlotFunctions::test_plot_score_vs_rating PASSED [ 10%]
tests/test_evaluate.py::TestPlotFunctions::test_plot_similarity_heatmap PASSED [ 10%]
tests/test_evaluate.py::TestPlotFunctions::test_plot_top10 PASSED        [ 11%]
tests/test_evaluate.py::TestEvaluateMain::test_main_returns_one_on_file_not_found PASSED [ 12%]
tests/test_evaluate.py::TestEvaluateMain::test_main_returns_zero_on_success PASSED [ 13%]
tests/test_evaluate.py::TestComputeMetricsSelfRec::test_self_rec_triggers_warning PASSED [ 14%]
tests/test_evaluate.py::TestComputeMetricsSelfRecDetection::test_self_rec_detected PASSED [ 15%]
tests/test_evaluate.py::TestEvaluateMainSelfRecWarning::test_self_rec_in_main_logs_error PASSED [ 15%]
tests/test_preprocess.py::TestParseYear::test_four_digit_year PASSED     [ 16%]
tests/test_preprocess.py::TestParseYear::test_iso_date PASSED            [ 17%]
tests/test_preprocess.py::TestParseYear::test_year_month PASSED          [ 18%]
tests/test_preprocess.py::TestParseYear::test_month_year_text PASSED     [ 19%]
tests/test_preprocess.py::TestParseYear::test_garbage_returns_zero PASSED [ 20%]
tests/test_preprocess.py::TestParseYear::test_year_1_returns_zero PASSED [ 21%]
tests/test_preprocess.py::TestParseYear::test_year_101_returns_zero PASSED [ 21%]
tests/test_preprocess.py::TestParseYear::test_nan_returns_zero PASSED    [ 22%]
tests/test_preprocess.py::TestParseYear::test_future_year_returns_zero PASSED [ 23%]
tests/test_preprocess.py::TestCleanImageUrl::test_zlib_url_cleared PASSED [ 24%]
tests/test_preprocess.py::TestCleanImageUrl::test_1lib_url_cleared PASSED [ 25%]
tests/test_preprocess.py::TestCleanImageUrl::test_google_books_url_kept PASSED [ 26%]
tests/test_preprocess.py::TestCleanImageUrl::test_openlibrary_url_kept PASSED [ 26%]
tests/test_preprocess.py::TestCleanImageUrl::test_http_upgraded_to_https PASSED [ 27%]
tests/test_preprocess.py::TestCleanImageUrl::test_empty_string_returns_empty PASSED [ 28%]
tests/test_preprocess.py::TestCleanImageUrl::test_none_returns_empty PASSED [ 29%]
tests/test_preprocess.py::TestIsEngineeringBook::test_engineering_book_passes PASSED [ 30%]
tests/test_preprocess.py::TestIsEngineeringBook::test_marketing_book_rejected PASSED [ 31%]
tests/test_preprocess.py::TestIsEngineeringBook::test_instagram_marketing_rejected PASSED [ 31%]
tests/test_preprocess.py::TestIsEngineeringBook::test_clinical_atlas_rejected PASSED [ 32%]
tests/test_preprocess.py::TestIsEngineeringBook::test_cookbook_rejected PASSED [ 33%]
tests/test_preprocess.py::TestIsEngineeringBook::test_python_cookbook_programming_passes PASSED [ 34%]
tests/test_preprocess.py::TestAssignCategory::test_ai_ml PASSED          [ 35%]
tests/test_preprocess.py::TestAssignCategory::test_security PASSED       [ 36%]
tests/test_preprocess.py::TestAssignCategory::test_programming PASSED    [ 36%]
tests/test_preprocess.py::TestAssignCategory::test_electrical PASSED     [ 37%]
tests/test_preprocess.py::TestAssignCategory::test_game_graphics PASSED  [ 38%]
tests/test_preprocess.py::TestAssignCategory::test_civil PASSED          [ 39%]
tests/test_preprocess.py::TestAssignCategory::test_default_category PASSED [ 40%]
tests/test_preprocess.py::TestAssignCategory::test_first_rule_wins PASSED [ 41%]
tests/test_preprocess.py::TestAssignCategory::test_case_insensitive PASSED [ 42%]
tests/test_preprocess.py::TestAssignCategory::test_empty_strings PASSED  [ 42%]
tests/test_preprocess.py::TestValidate::test_valid_dataframe_passes PASSED [ 43%]
tests/test_preprocess.py::TestValidate::test_too_few_rows_fails PASSED   [ 44%]
tests/test_preprocess.py::TestValidate::test_missing_column_fails PASSED [ 45%]
tests/test_preprocess.py::TestValidate::test_bad_rating_warns_but_passes PASSED [ 46%]
tests/test_preprocess.py::TestValidate::test_blocked_image_url_warns PASSED [ 47%]
tests/test_preprocess.py::TestLoadGoodreads::test_returns_dataframe SKIPPED [ 47%]
tests/test_preprocess.py::TestLoadGoodreads::test_required_columns_present SKIPPED [ 48%]
tests/test_preprocess.py::TestLoadGoodreads::test_no_null_titles SKIPPED [ 49%]
tests/test_preprocess.py::TestLoadGoodreads::test_rating_in_valid_range SKIPPED [ 50%]
tests/test_preprocess.py::TestLoadGoodreads::test_no_zlib_images SKIPPED [ 51%]
tests/test_preprocess.py::TestLoadGoodreads::test_year_no_obvious_garbage SKIPPED [ 52%]
tests/test_preprocess.py::TestLoadGoogle::test_returns_dataframe SKIPPED [ 52%]
tests/test_preprocess.py::TestLoadGoogle::test_english_only SKIPPED      [ 53%]
tests/test_preprocess.py::TestLoadGoogle::test_https_images SKIPPED      [ 54%]
tests/test_preprocess.py::TestLoadGoogle::test_no_nan_strings_in_links SKIPPED [ 55%]
tests/test_preprocess.py::TestNormaliseTitle::test_collapses_internal_whitespace PASSED [ 56%]
tests/test_preprocess.py::TestNormaliseTitle::test_distinct_titles_differ PASSED [ 57%]
tests/test_preprocess.py::TestNormaliseTitle::test_handles_empty_string PASSED [ 57%]
tests/test_preprocess.py::TestNormaliseTitle::test_lowercase PASSED      [ 58%]
tests/test_preprocess.py::TestNormaliseTitle::test_near_duplicates_match PASSED [ 59%]
tests/test_preprocess.py::TestNormaliseTitle::test_strips_leading_trailing_whitespace PASSED [ 60%]
tests/test_preprocess.py::TestNormaliseTitle::test_strips_punctuation PASSED [ 61%]
tests/test_preprocess.py::TestNormaliseTitle::test_unicode_preserved PASSED [ 62%]
tests/test_preprocess.py::TestSkipEnrichmentFlag::test_argparse_skip_enrichment_accepted PASSED [ 63%]
tests/test_preprocess.py::TestSkipEnrichmentFlag::test_enrich_not_called_when_skipped PASSED [ 63%]
tests/test_preprocess.py::TestValidateWarnings::test_validate_fails_on_too_few_rows PASSED [ 64%]
tests/test_preprocess.py::TestValidateWarnings::test_validate_passes_on_clean_df PASSED [ 65%]
tests/test_preprocess.py::TestValidateWarnings::test_validate_warns_on_bad_year PASSED [ 66%]
tests/test_preprocess.py::TestValidateWarnings::test_validate_warns_on_blocked_image_url PASSED [ 67%]
tests/test_preprocess.py::TestValidateWarnings::test_validate_warns_on_duplicate_titles PASSED [ 68%]
tests/test_preprocess.py::TestEnrichMissingDescriptions::test_network_failure_does_not_crash PASSED [ 68%]
tests/test_preprocess.py::TestEnrichMissingDescriptions::test_no_empty_descriptions_is_noop PASSED [ 69%]
tests/test_preprocess.py::TestValidateHighEmptyDesc::test_high_empty_description_warns_but_passes PASSED [ 70%]
tests/test_preprocess.py::TestEnrichItemsBranch::test_description_filled_from_api_response PASSED [ 71%]
tests/test_preprocess.py::TestEnrichItemsBranch::test_empty_items_list_leaves_description_unchanged PASSED [ 72%]
tests/test_preprocess.py::TestPreprocessMain::test_main_returns_one_when_data_missing PASSED [ 73%]
tests/test_preprocess.py::TestPreprocessMain::test_main_returns_zero_with_real_data PASSED [ 73%]
tests/test_train_model.py::TestBuildTfidf::test_returns_vectorizer_and_matrix PASSED [ 74%]
tests/test_train_model.py::TestBuildTfidf::test_matrix_rows_match_book_count PASSED [ 75%]
tests/test_train_model.py::TestBuildTfidf::test_content_column_created PASSED [ 76%]
tests/test_train_model.py::TestBuildTfidf::test_sparse_matrix_returned PASSED [ 77%]
tests/test_train_model.py::TestBuildSimilarity::test_output_shape_is_square PASSED [ 78%]
tests/test_train_model.py::TestBuildSimilarity::test_diagonal_is_one PASSED [ 78%]
tests/test_train_model.py::TestBuildSimilarity::test_values_between_0_and_1 PASSED [ 79%]
tests/test_train_model.py::TestBuildSimilarity::test_symmetric PASSED    [ 80%]
tests/test_train_model.py::TestComputeScores::test_score_column_added PASSED [ 81%]
tests/test_train_model.py::TestComputeScores::test_scores_between_0_and_1 PASSED [ 82%]
tests/test_train_model.py::TestComputeScores::test_unrated_books_get_zero_score PASSED [ 83%]
tests/test_train_model.py::TestComputeScores::test_higher_rating_higher_score PASSED [ 84%]
tests/test_train_model.py::TestComputeScores::test_score_spread_better_than_minmax PASSED [ 84%]
tests/test_train_model.py::TestComputeScores::test_bayesian_rating_column_created PASSED [ 85%]
tests/test_train_model.py::TestExtractTopAndRecs::test_top_n_respected PASSED [ 86%]
tests/test_train_model.py::TestExtractTopAndRecs::test_recs_count_per_book PASSED [ 87%]
tests/test_train_model.py::TestExtractTopAndRecs::test_recs_have_required_keys PASSED [ 88%]
tests/test_train_model.py::TestExtractTopAndRecs::test_similarity_in_valid_range PASSED [ 89%]
tests/test_train_model.py::TestExtractTopAndRecs::test_no_self_recommendations PASSED [ 89%]
tests/test_train_model.py::TestExtractTopAndRecs::test_no_perfect_similarity_in_recs PASSED [ 90%]
tests/test_train_model.py::TestNearDupDedup::test_higher_scoring_dup_kept PASSED [ 91%]
tests/test_train_model.py::TestNearDupDedup::test_near_dup_removed_from_top PASSED [ 92%]
tests/test_train_model.py::TestSaveArtefacts::test_all_artefacts_written PASSED [ 93%]
tests/test_train_model.py::TestLoadData::test_loads_and_cleans PASSED    [ 94%]
tests/test_train_model.py::TestEdgeCasesInExtract::test_flat_scores_dont_crash PASSED [ 94%]
tests/test_train_model.py::TestEdgeCasesInExtract::test_near_dup_with_equal_scores_keeps_lower_index PASSED [ 95%]
tests/test_train_model.py::TestTrainModelMain::test_main_returns_one_on_broken_csv PASSED [ 96%]
tests/test_train_model.py::TestTrainModelMain::test_main_returns_zero_with_real_data PASSED [ 97%]
tests/test_train_model.py::TestLoadDataAutoPreprocess::test_raises_when_preprocess_fails PASSED [ 98%]
tests/test_train_model.py::TestNearDupContinue::test_triple_near_dup_only_drops_two PASSED [ 99%]
tests/test_train_model.py::TestNearDupLoopSkip::test_only_one_of_triple_near_dup_removed PASSED [100%]

====================== 109 passed, 10 skipped in 40.57s =======================
